{"/home/arthur/Desktop/College/WhereIsIt/backend/src/controllers/receiptController.js": {"path":"/home/arthur/Desktop/College/WhereIsIt/backend/src/controllers/receiptController.js","statementMap":{"0":{"start":{"line":13,"column":23},"end":{"line":13,"column":56}},"1":{"start":{"line":14,"column":30},"end":{"line":14,"column":70}},"2":{"start":{"line":15,"column":15},"end":{"line":15,"column":38}},"3":{"start":{"line":16,"column":13},"end":{"line":16,"column":28}},"4":{"start":{"line":17,"column":11},"end":{"line":17,"column":33}},"5":{"start":{"line":19,"column":19},"end":{"line":19,"column":35}},"6":{"start":{"line":20,"column":19},"end":{"line":20,"column":42}},"7":{"start":{"line":22,"column":24},"end":{"line":22,"column":26}},"8":{"start":{"line":30,"column":19},"end":{"line":30,"column":41}},"9":{"start":{"line":31,"column":17},"end":{"line":31,"column":35}},"10":{"start":{"line":32,"column":2},"end":{"line":32,"column":54}},"11":{"start":{"line":33,"column":2},"end":{"line":33,"column":44}},"12":{"start":{"line":38,"column":14},"end":{"line":38,"column":24}},"13":{"start":{"line":39,"column":17},"end":{"line":39,"column":39}},"14":{"start":{"line":40,"column":2},"end":{"line":40,"column":54}},"15":{"start":{"line":41,"column":2},"end":{"line":41,"column":37}},"16":{"start":{"line":41,"column":20},"end":{"line":41,"column":37}},"17":{"start":{"line":42,"column":19},"end":{"line":42,"column":57}},"18":{"start":{"line":43,"column":2},"end":{"line":43,"column":45}},"19":{"start":{"line":43,"column":22},"end":{"line":43,"column":45}},"20":{"start":{"line":44,"column":2},"end":{"line":44,"column":18}},"21":{"start":{"line":52,"column":2},"end":{"line":52,"column":29}},"22":{"start":{"line":52,"column":17},"end":{"line":52,"column":29}},"23":{"start":{"line":53,"column":14},"end":{"line":53,"column":50}},"24":{"start":{"line":54,"column":2},"end":{"line":54,"column":35}},"25":{"start":{"line":54,"column":22},"end":{"line":54,"column":35}},"26":{"start":{"line":55,"column":2},"end":{"line":55,"column":62}},"27":{"start":{"line":55,"column":47},"end":{"line":55,"column":62}},"28":{"start":{"line":56,"column":2},"end":{"line":56,"column":14}},"29":{"start":{"line":61,"column":2},"end":{"line":68,"column":3}},"30":{"start":{"line":62,"column":29},"end":{"line":62,"column":72}},"31":{"start":{"line":63,"column":4},"end":{"line":67,"column":6}},"32":{"start":{"line":73,"column":17},"end":{"line":77,"column":3}},"33":{"start":{"line":78,"column":2},"end":{"line":88,"column":21}},"34":{"start":{"line":79,"column":4},"end":{"line":87,"column":28}},"35":{"start":{"line":80,"column":6},"end":{"line":86,"column":8}},"36":{"start":{"line":87,"column":14},"end":{"line":87,"column":26}},"37":{"start":{"line":96,"column":2},"end":{"line":96,"column":64}},"38":{"start":{"line":96,"column":23},"end":{"line":96,"column":64}},"39":{"start":{"line":97,"column":24},"end":{"line":99,"column":3}},"40":{"start":{"line":100,"column":16},"end":{"line":100,"column":36}},"41":{"start":{"line":101,"column":2},"end":{"line":101,"column":59}},"42":{"start":{"line":117,"column":2},"end":{"line":204,"column":3}},"43":{"start":{"line":118,"column":4},"end":{"line":118,"column":78}},"44":{"start":{"line":118,"column":19},"end":{"line":118,"column":78}},"45":{"start":{"line":120,"column":19},"end":{"line":120,"column":34}},"46":{"start":{"line":121,"column":21},"end":{"line":121,"column":34}},"47":{"start":{"line":122,"column":17},"end":{"line":122,"column":25}},"48":{"start":{"line":124,"column":36},"end":{"line":124,"column":77}},"49":{"start":{"line":125,"column":4},"end":{"line":134,"column":5}},"50":{"start":{"line":126,"column":6},"end":{"line":126,"column":49}},"51":{"start":{"line":127,"column":22},"end":{"line":129,"column":125}},"52":{"start":{"line":130,"column":6},"end":{"line":133,"column":9}},"53":{"start":{"line":136,"column":25},"end":{"line":136,"column":84}},"54":{"start":{"line":137,"column":4},"end":{"line":140,"column":5}},"55":{"start":{"line":138,"column":6},"end":{"line":138,"column":49}},"56":{"start":{"line":139,"column":6},"end":{"line":139,"column":110}},"57":{"start":{"line":142,"column":4},"end":{"line":145,"column":5}},"58":{"start":{"line":143,"column":6},"end":{"line":143,"column":49}},"59":{"start":{"line":144,"column":6},"end":{"line":144,"column":86}},"60":{"start":{"line":149,"column":21},"end":{"line":149,"column":31}},"61":{"start":{"line":150,"column":22},"end":{"line":150,"column":89}},"62":{"start":{"line":151,"column":18},"end":{"line":151,"column":39}},"63":{"start":{"line":152,"column":4},"end":{"line":152,"column":190}},"64":{"start":{"line":153,"column":26},"end":{"line":153,"column":83}},"65":{"start":{"line":154,"column":31},"end":{"line":154,"column":74}},"66":{"start":{"line":156,"column":21},"end":{"line":162,"column":5}},"67":{"start":{"line":164,"column":22},"end":{"line":164,"column":37}},"68":{"start":{"line":165,"column":4},"end":{"line":165,"column":61}},"69":{"start":{"line":168,"column":23},"end":{"line":168,"column":75}},"70":{"start":{"line":170,"column":4},"end":{"line":177,"column":69}},"71":{"start":{"line":171,"column":6},"end":{"line":176,"column":8}},"72":{"start":{"line":177,"column":20},"end":{"line":177,"column":67}},"73":{"start":{"line":179,"column":4},"end":{"line":199,"column":7}},"74":{"start":{"line":202,"column":4},"end":{"line":202,"column":71}},"75":{"start":{"line":202,"column":24},"end":{"line":202,"column":71}},"76":{"start":{"line":203,"column":4},"end":{"line":203,"column":96}},"77":{"start":{"line":217,"column":2},"end":{"line":263,"column":3}},"78":{"start":{"line":218,"column":19},"end":{"line":218,"column":34}},"79":{"start":{"line":219,"column":21},"end":{"line":219,"column":34}},"80":{"start":{"line":220,"column":88},"end":{"line":220,"column":96}},"81":{"start":{"line":222,"column":36},"end":{"line":222,"column":77}},"82":{"start":{"line":223,"column":4},"end":{"line":231,"column":5}},"83":{"start":{"line":224,"column":22},"end":{"line":226,"column":125}},"84":{"start":{"line":227,"column":6},"end":{"line":230,"column":9}},"85":{"start":{"line":233,"column":4},"end":{"line":233,"column":103}},"86":{"start":{"line":233,"column":37},"end":{"line":233,"column":103}},"87":{"start":{"line":234,"column":4},"end":{"line":236,"column":5}},"88":{"start":{"line":235,"column":6},"end":{"line":235,"column":78}},"89":{"start":{"line":238,"column":31},"end":{"line":238,"column":60}},"90":{"start":{"line":239,"column":27},"end":{"line":239,"column":101}},"91":{"start":{"line":240,"column":21},"end":{"line":240,"column":70}},"92":{"start":{"line":242,"column":21},"end":{"line":248,"column":5}},"93":{"start":{"line":250,"column":22},"end":{"line":250,"column":37}},"94":{"start":{"line":251,"column":4},"end":{"line":251,"column":47}},"95":{"start":{"line":253,"column":4},"end":{"line":258,"column":69}},"96":{"start":{"line":254,"column":6},"end":{"line":257,"column":8}},"97":{"start":{"line":258,"column":20},"end":{"line":258,"column":67}},"98":{"start":{"line":260,"column":4},"end":{"line":260,"column":91}},"99":{"start":{"line":262,"column":4},"end":{"line":262,"column":71}},"100":{"start":{"line":277,"column":2},"end":{"line":324,"column":3}},"101":{"start":{"line":278,"column":19},"end":{"line":278,"column":34}},"102":{"start":{"line":279,"column":21},"end":{"line":279,"column":34}},"103":{"start":{"line":281,"column":19},"end":{"line":286,"column":5}},"104":{"start":{"line":288,"column":21},"end":{"line":313,"column":7}},"105":{"start":{"line":289,"column":6},"end":{"line":312,"column":30}},"106":{"start":{"line":290,"column":22},"end":{"line":290,"column":55}},"107":{"start":{"line":291,"column":20},"end":{"line":291,"column":24}},"108":{"start":{"line":292,"column":8},"end":{"line":292,"column":98}},"109":{"start":{"line":292,"column":33},"end":{"line":292,"column":96}},"110":{"start":{"line":292,"column":39},"end":{"line":292,"column":85}},"111":{"start":{"line":293,"column":19},"end":{"line":293,"column":21}},"112":{"start":{"line":294,"column":8},"end":{"line":294,"column":65}},"113":{"start":{"line":294,"column":14},"end":{"line":294,"column":54}},"114":{"start":{"line":296,"column":8},"end":{"line":311,"column":10}},"115":{"start":{"line":312,"column":16},"end":{"line":312,"column":28}},"116":{"start":{"line":315,"column":26},"end":{"line":315,"column":50}},"117":{"start":{"line":317,"column":24},"end":{"line":319,"column":86}},"118":{"start":{"line":321,"column":4},"end":{"line":321,"column":111}},"119":{"start":{"line":323,"column":4},"end":{"line":323,"column":74}},"120":{"start":{"line":332,"column":2},"end":{"line":369,"column":3}},"121":{"start":{"line":333,"column":19},"end":{"line":333,"column":34}},"122":{"start":{"line":334,"column":19},"end":{"line":339,"column":5}},"123":{"start":{"line":340,"column":4},"end":{"line":340,"column":87}},"124":{"start":{"line":340,"column":27},"end":{"line":340,"column":87}},"125":{"start":{"line":342,"column":20},"end":{"line":342,"column":27}},"126":{"start":{"line":343,"column":18},"end":{"line":343,"column":51}},"127":{"start":{"line":344,"column":16},"end":{"line":344,"column":20}},"128":{"start":{"line":345,"column":4},"end":{"line":345,"column":94}},"129":{"start":{"line":345,"column":29},"end":{"line":345,"column":92}},"130":{"start":{"line":345,"column":35},"end":{"line":345,"column":81}},"131":{"start":{"line":346,"column":15},"end":{"line":346,"column":17}},"132":{"start":{"line":347,"column":4},"end":{"line":347,"column":61}},"133":{"start":{"line":347,"column":10},"end":{"line":347,"column":50}},"134":{"start":{"line":349,"column":4},"end":{"line":366,"column":7}},"135":{"start":{"line":368,"column":4},"end":{"line":368,"column":73}},"136":{"start":{"line":373,"column":2},"end":{"line":405,"column":3}},"137":{"start":{"line":374,"column":19},"end":{"line":374,"column":34}},"138":{"start":{"line":375,"column":88},"end":{"line":375,"column":96}},"139":{"start":{"line":377,"column":23},"end":{"line":379,"column":5}},"140":{"start":{"line":380,"column":4},"end":{"line":380,"column":91}},"141":{"start":{"line":380,"column":31},"end":{"line":380,"column":91}},"142":{"start":{"line":382,"column":27},"end":{"line":382,"column":101}},"143":{"start":{"line":383,"column":21},"end":{"line":383,"column":70}},"144":{"start":{"line":385,"column":4},"end":{"line":390,"column":6}},"145":{"start":{"line":392,"column":4},"end":{"line":395,"column":5}},"146":{"start":{"line":393,"column":6},"end":{"line":393,"column":90}},"147":{"start":{"line":394,"column":6},"end":{"line":394,"column":53}},"148":{"start":{"line":397,"column":4},"end":{"line":400,"column":14}},"149":{"start":{"line":398,"column":6},"end":{"line":399,"column":81}},"150":{"start":{"line":402,"column":4},"end":{"line":402,"column":80}},"151":{"start":{"line":404,"column":4},"end":{"line":404,"column":71}},"152":{"start":{"line":409,"column":2},"end":{"line":430,"column":3}},"153":{"start":{"line":410,"column":19},"end":{"line":410,"column":34}},"154":{"start":{"line":411,"column":19},"end":{"line":413,"column":5}},"155":{"start":{"line":414,"column":4},"end":{"line":414,"column":87}},"156":{"start":{"line":414,"column":27},"end":{"line":414,"column":87}},"157":{"start":{"line":416,"column":4},"end":{"line":416,"column":99}},"158":{"start":{"line":418,"column":4},"end":{"line":420,"column":5}},"159":{"start":{"line":419,"column":6},"end":{"line":419,"column":96}},"160":{"start":{"line":422,"column":4},"end":{"line":425,"column":14}},"161":{"start":{"line":423,"column":6},"end":{"line":424,"column":81}},"162":{"start":{"line":427,"column":4},"end":{"line":427,"column":80}},"163":{"start":{"line":429,"column":4},"end":{"line":429,"column":71}},"164":{"start":{"line":434,"column":2},"end":{"line":448,"column":3}},"165":{"start":{"line":435,"column":19},"end":{"line":435,"column":34}},"166":{"start":{"line":436,"column":19},"end":{"line":438,"column":5}},"167":{"start":{"line":439,"column":4},"end":{"line":439,"column":87}},"168":{"start":{"line":439,"column":27},"end":{"line":439,"column":87}},"169":{"start":{"line":440,"column":4},"end":{"line":440,"column":87}},"170":{"start":{"line":440,"column":28},"end":{"line":440,"column":87}},"171":{"start":{"line":442,"column":21},"end":{"line":442,"column":77}},"172":{"start":{"line":443,"column":4},"end":{"line":443,"column":106}},"173":{"start":{"line":443,"column":10},"end":{"line":443,"column":36}},"174":{"start":{"line":443,"column":47},"end":{"line":443,"column":104}},"175":{"start":{"line":445,"column":4},"end":{"line":445,"column":34}},"176":{"start":{"line":447,"column":4},"end":{"line":447,"column":70}},"177":{"start":{"line":451,"column":0},"end":{"line":454,"column":2}}},"fnMap":{"0":{"name":"calculateWarrantyExpiry","decl":{"start":{"line":29,"column":9},"end":{"line":29,"column":32}},"loc":{"start":{"line":29,"column":63},"end":{"line":34,"column":1}},"line":29},"1":{"name":"getWarrantyStatus","decl":{"start":{"line":37,"column":9},"end":{"line":37,"column":26}},"loc":{"start":{"line":37,"column":57},"end":{"line":45,"column":1}},"line":37},"2":{"name":"getFileType","decl":{"start":{"line":51,"column":9},"end":{"line":51,"column":20}},"loc":{"start":{"line":51,"column":31},"end":{"line":57,"column":1}},"line":51},"3":{"name":"insertReceiptItems","decl":{"start":{"line":60,"column":15},"end":{"line":60,"column":33}},"loc":{"start":{"line":60,"column":52},"end":{"line":69,"column":1}},"line":60},"4":{"name":"getReceiptItems","decl":{"start":{"line":72,"column":15},"end":{"line":72,"column":30}},"loc":{"start":{"line":72,"column":42},"end":{"line":89,"column":1}},"line":72},"5":{"name":"(anonymous_5)","decl":{"start":{"line":78,"column":18},"end":{"line":78,"column":19}},"loc":{"start":{"line":78,"column":26},"end":{"line":88,"column":3}},"line":78},"6":{"name":"checkStorageLimit","decl":{"start":{"line":95,"column":15},"end":{"line":95,"column":32}},"loc":{"start":{"line":95,"column":47},"end":{"line":102,"column":1}},"line":95},"7":{"name":"uploadReceipt","decl":{"start":{"line":116,"column":15},"end":{"line":116,"column":28}},"loc":{"start":{"line":116,"column":39},"end":{"line":205,"column":1}},"line":116},"8":{"name":"(anonymous_8)","decl":{"start":{"line":126,"column":39},"end":{"line":126,"column":40}},"loc":{"start":{"line":126,"column":45},"end":{"line":126,"column":47}},"line":126},"9":{"name":"(anonymous_9)","decl":{"start":{"line":138,"column":39},"end":{"line":138,"column":40}},"loc":{"start":{"line":138,"column":45},"end":{"line":138,"column":47}},"line":138},"10":{"name":"(anonymous_10)","decl":{"start":{"line":143,"column":39},"end":{"line":143,"column":40}},"loc":{"start":{"line":143,"column":45},"end":{"line":143,"column":47}},"line":143},"11":{"name":"(anonymous_11)","decl":{"start":{"line":202,"column":61},"end":{"line":202,"column":62}},"loc":{"start":{"line":202,"column":67},"end":{"line":202,"column":69}},"line":202},"12":{"name":"createManualReceipt","decl":{"start":{"line":216,"column":15},"end":{"line":216,"column":34}},"loc":{"start":{"line":216,"column":45},"end":{"line":264,"column":1}},"line":216},"13":{"name":"listReceipts","decl":{"start":{"line":276,"column":15},"end":{"line":276,"column":27}},"loc":{"start":{"line":276,"column":38},"end":{"line":325,"column":1}},"line":276},"14":{"name":"(anonymous_14)","decl":{"start":{"line":288,"column":48},"end":{"line":288,"column":49}},"loc":{"start":{"line":288,"column":67},"end":{"line":313,"column":5}},"line":288},"15":{"name":"getReceiptById","decl":{"start":{"line":331,"column":15},"end":{"line":331,"column":29}},"loc":{"start":{"line":331,"column":40},"end":{"line":370,"column":1}},"line":331},"16":{"name":"updateReceipt","decl":{"start":{"line":372,"column":15},"end":{"line":372,"column":28}},"loc":{"start":{"line":372,"column":39},"end":{"line":406,"column":1}},"line":372},"17":{"name":"deleteReceipt","decl":{"start":{"line":408,"column":15},"end":{"line":408,"column":28}},"loc":{"start":{"line":408,"column":39},"end":{"line":431,"column":1}},"line":408},"18":{"name":"(anonymous_18)","decl":{"start":{"line":419,"column":86},"end":{"line":419,"column":87}},"loc":{"start":{"line":419,"column":92},"end":{"line":419,"column":94}},"line":419},"19":{"name":"getReceiptFile","decl":{"start":{"line":433,"column":15},"end":{"line":433,"column":29}},"loc":{"start":{"line":433,"column":40},"end":{"line":449,"column":1}},"line":433}},"branchMap":{"0":{"loc":{"start":{"line":41,"column":2},"end":{"line":41,"column":37}},"type":"if","locations":[{"start":{"line":41,"column":2},"end":{"line":41,"column":37}},{"start":{},"end":{}}],"line":41},"1":{"loc":{"start":{"line":43,"column":2},"end":{"line":43,"column":45}},"type":"if","locations":[{"start":{"line":43,"column":2},"end":{"line":43,"column":45}},{"start":{},"end":{}}],"line":43},"2":{"loc":{"start":{"line":52,"column":2},"end":{"line":52,"column":29}},"type":"if","locations":[{"start":{"line":52,"column":2},"end":{"line":52,"column":29}},{"start":{},"end":{}}],"line":52},"3":{"loc":{"start":{"line":54,"column":2},"end":{"line":54,"column":35}},"type":"if","locations":[{"start":{"line":54,"column":2},"end":{"line":54,"column":35}},{"start":{},"end":{}}],"line":54},"4":{"loc":{"start":{"line":55,"column":2},"end":{"line":55,"column":62}},"type":"if","locations":[{"start":{"line":55,"column":2},"end":{"line":55,"column":62}},{"start":{},"end":{}}],"line":55},"5":{"loc":{"start":{"line":66,"column":36},"end":{"line":66,"column":63}},"type":"binary-expr","locations":[{"start":{"line":66,"column":36},"end":{"line":66,"column":58}},{"start":{"line":66,"column":62},"end":{"line":66,"column":63}}],"line":66},"6":{"loc":{"start":{"line":66,"column":65},"end":{"line":66,"column":100}},"type":"binary-expr","locations":[{"start":{"line":66,"column":65},"end":{"line":66,"column":94}},{"start":{"line":66,"column":98},"end":{"line":66,"column":100}}],"line":66},"7":{"loc":{"start":{"line":96,"column":2},"end":{"line":96,"column":64}},"type":"if","locations":[{"start":{"line":96,"column":2},"end":{"line":96,"column":64}},{"start":{},"end":{}}],"line":96},"8":{"loc":{"start":{"line":118,"column":4},"end":{"line":118,"column":78}},"type":"if","locations":[{"start":{"line":118,"column":4},"end":{"line":118,"column":78}},{"start":{},"end":{}}],"line":118},"9":{"loc":{"start":{"line":125,"column":4},"end":{"line":134,"column":5}},"type":"if","locations":[{"start":{"line":125,"column":4},"end":{"line":134,"column":5}},{"start":{},"end":{}}],"line":125},"10":{"loc":{"start":{"line":127,"column":22},"end":{"line":129,"column":125}},"type":"cond-expr","locations":[{"start":{"line":128,"column":10},"end":{"line":128,"column":159}},{"start":{"line":129,"column":10},"end":{"line":129,"column":125}}],"line":127},"11":{"loc":{"start":{"line":137,"column":4},"end":{"line":140,"column":5}},"type":"if","locations":[{"start":{"line":137,"column":4},"end":{"line":140,"column":5}},{"start":{},"end":{}}],"line":137},"12":{"loc":{"start":{"line":142,"column":4},"end":{"line":145,"column":5}},"type":"if","locations":[{"start":{"line":142,"column":4},"end":{"line":145,"column":5}},{"start":{},"end":{}}],"line":142},"13":{"loc":{"start":{"line":152,"column":85},"end":{"line":152,"column":185}},"type":"cond-expr","locations":[{"start":{"line":152,"column":113},"end":{"line":152,"column":133}},{"start":{"line":152,"column":137},"end":{"line":152,"column":184}}],"line":152},"14":{"loc":{"start":{"line":152,"column":137},"end":{"line":152,"column":184}},"type":"cond-expr","locations":[{"start":{"line":152,"column":162},"end":{"line":152,"column":170}},{"start":{"line":152,"column":173},"end":{"line":152,"column":184}}],"line":152},"15":{"loc":{"start":{"line":168,"column":23},"end":{"line":168,"column":75}},"type":"binary-expr","locations":[{"start":{"line":168,"column":23},"end":{"line":168,"column":45}},{"start":{"line":168,"column":49},"end":{"line":168,"column":75}}],"line":168},"16":{"loc":{"start":{"line":174,"column":46},"end":{"line":174,"column":81}},"type":"cond-expr","locations":[{"start":{"line":174,"column":59},"end":{"line":174,"column":67}},{"start":{"line":174,"column":70},"end":{"line":174,"column":81}}],"line":174},"17":{"loc":{"start":{"line":182,"column":61},"end":{"line":182,"column":95}},"type":"cond-expr","locations":[{"start":{"line":182,"column":74},"end":{"line":182,"column":90}},{"start":{"line":182,"column":93},"end":{"line":182,"column":95}}],"line":182},"18":{"loc":{"start":{"line":194,"column":17},"end":{"line":194,"column":52}},"type":"cond-expr","locations":[{"start":{"line":194,"column":30},"end":{"line":194,"column":38}},{"start":{"line":194,"column":41},"end":{"line":194,"column":52}}],"line":194},"19":{"loc":{"start":{"line":196,"column":23},"end":{"line":196,"column":57}},"type":"binary-expr","locations":[{"start":{"line":196,"column":23},"end":{"line":196,"column":48}},{"start":{"line":196,"column":52},"end":{"line":196,"column":57}}],"line":196},"20":{"loc":{"start":{"line":197,"column":25},"end":{"line":197,"column":60}},"type":"binary-expr","locations":[{"start":{"line":197,"column":25},"end":{"line":197,"column":52}},{"start":{"line":197,"column":56},"end":{"line":197,"column":60}}],"line":197},"21":{"loc":{"start":{"line":202,"column":4},"end":{"line":202,"column":71}},"type":"if","locations":[{"start":{"line":202,"column":4},"end":{"line":202,"column":71}},{"start":{},"end":{}}],"line":202},"22":{"loc":{"start":{"line":223,"column":4},"end":{"line":231,"column":5}},"type":"if","locations":[{"start":{"line":223,"column":4},"end":{"line":231,"column":5}},{"start":{},"end":{}}],"line":223},"23":{"loc":{"start":{"line":224,"column":22},"end":{"line":226,"column":125}},"type":"cond-expr","locations":[{"start":{"line":225,"column":10},"end":{"line":225,"column":159}},{"start":{"line":226,"column":10},"end":{"line":226,"column":125}}],"line":224},"24":{"loc":{"start":{"line":233,"column":4},"end":{"line":233,"column":103}},"type":"if","locations":[{"start":{"line":233,"column":4},"end":{"line":233,"column":103}},{"start":{},"end":{}}],"line":233},"25":{"loc":{"start":{"line":233,"column":8},"end":{"line":233,"column":35}},"type":"binary-expr","locations":[{"start":{"line":233,"column":8},"end":{"line":233,"column":18}},{"start":{"line":233,"column":22},"end":{"line":233,"column":35}}],"line":233},"26":{"loc":{"start":{"line":234,"column":4},"end":{"line":236,"column":5}},"type":"if","locations":[{"start":{"line":234,"column":4},"end":{"line":236,"column":5}},{"start":{},"end":{}}],"line":234},"27":{"loc":{"start":{"line":234,"column":8},"end":{"line":234,"column":61}},"type":"binary-expr","locations":[{"start":{"line":234,"column":8},"end":{"line":234,"column":14}},{"start":{"line":234,"column":18},"end":{"line":234,"column":39}},{"start":{"line":234,"column":43},"end":{"line":234,"column":61}}],"line":234},"28":{"loc":{"start":{"line":239,"column":27},"end":{"line":239,"column":101}},"type":"cond-expr","locations":[{"start":{"line":239,"column":43},"end":{"line":239,"column":94}},{"start":{"line":239,"column":97},"end":{"line":239,"column":101}}],"line":239},"29":{"loc":{"start":{"line":240,"column":21},"end":{"line":240,"column":70}},"type":"cond-expr","locations":[{"start":{"line":240,"column":43},"end":{"line":240,"column":63}},{"start":{"line":240,"column":66},"end":{"line":240,"column":70}}],"line":240},"30":{"loc":{"start":{"line":246,"column":49},"end":{"line":246,"column":76}},"type":"binary-expr","locations":[{"start":{"line":246,"column":49},"end":{"line":246,"column":71}},{"start":{"line":246,"column":75},"end":{"line":246,"column":76}}],"line":246},"31":{"loc":{"start":{"line":247,"column":7},"end":{"line":247,"column":37}},"type":"binary-expr","locations":[{"start":{"line":247,"column":7},"end":{"line":247,"column":31}},{"start":{"line":247,"column":35},"end":{"line":247,"column":37}}],"line":247},"32":{"loc":{"start":{"line":292,"column":8},"end":{"line":292,"column":98}},"type":"if","locations":[{"start":{"line":292,"column":8},"end":{"line":292,"column":98}},{"start":{},"end":{}}],"line":292},"33":{"loc":{"start":{"line":294,"column":32},"end":{"line":294,"column":52}},"type":"binary-expr","locations":[{"start":{"line":294,"column":32},"end":{"line":294,"column":44}},{"start":{"line":294,"column":48},"end":{"line":294,"column":52}}],"line":294},"34":{"loc":{"start":{"line":308,"column":32},"end":{"line":308,"column":91}},"type":"cond-expr","locations":[{"start":{"line":308,"column":51},"end":{"line":308,"column":78}},{"start":{"line":308,"column":81},"end":{"line":308,"column":91}}],"line":308},"35":{"loc":{"start":{"line":317,"column":24},"end":{"line":319,"column":86}},"type":"cond-expr","locations":[{"start":{"line":318,"column":8},"end":{"line":318,"column":79}},{"start":{"line":319,"column":8},"end":{"line":319,"column":86}}],"line":317},"36":{"loc":{"start":{"line":340,"column":4},"end":{"line":340,"column":87}},"type":"if","locations":[{"start":{"line":340,"column":4},"end":{"line":340,"column":87}},{"start":{},"end":{}}],"line":340},"37":{"loc":{"start":{"line":345,"column":4},"end":{"line":345,"column":94}},"type":"if","locations":[{"start":{"line":345,"column":4},"end":{"line":345,"column":94}},{"start":{},"end":{}}],"line":345},"38":{"loc":{"start":{"line":347,"column":28},"end":{"line":347,"column":48}},"type":"binary-expr","locations":[{"start":{"line":347,"column":28},"end":{"line":347,"column":40}},{"start":{"line":347,"column":44},"end":{"line":347,"column":48}}],"line":347},"39":{"loc":{"start":{"line":380,"column":4},"end":{"line":380,"column":91}},"type":"if","locations":[{"start":{"line":380,"column":4},"end":{"line":380,"column":91}},{"start":{},"end":{}}],"line":380},"40":{"loc":{"start":{"line":382,"column":27},"end":{"line":382,"column":101}},"type":"cond-expr","locations":[{"start":{"line":382,"column":43},"end":{"line":382,"column":94}},{"start":{"line":382,"column":97},"end":{"line":382,"column":101}}],"line":382},"41":{"loc":{"start":{"line":383,"column":21},"end":{"line":383,"column":70}},"type":"cond-expr","locations":[{"start":{"line":383,"column":43},"end":{"line":383,"column":63}},{"start":{"line":383,"column":66},"end":{"line":383,"column":70}}],"line":383},"42":{"loc":{"start":{"line":388,"column":52},"end":{"line":388,"column":79}},"type":"binary-expr","locations":[{"start":{"line":388,"column":52},"end":{"line":388,"column":74}},{"start":{"line":388,"column":78},"end":{"line":388,"column":79}}],"line":388},"43":{"loc":{"start":{"line":389,"column":7},"end":{"line":389,"column":37}},"type":"binary-expr","locations":[{"start":{"line":389,"column":7},"end":{"line":389,"column":31}},{"start":{"line":389,"column":35},"end":{"line":389,"column":37}}],"line":389},"44":{"loc":{"start":{"line":392,"column":4},"end":{"line":395,"column":5}},"type":"if","locations":[{"start":{"line":392,"column":4},"end":{"line":395,"column":5}},{"start":{},"end":{}}],"line":392},"45":{"loc":{"start":{"line":414,"column":4},"end":{"line":414,"column":87}},"type":"if","locations":[{"start":{"line":414,"column":4},"end":{"line":414,"column":87}},{"start":{},"end":{}}],"line":414},"46":{"loc":{"start":{"line":418,"column":4},"end":{"line":420,"column":5}},"type":"if","locations":[{"start":{"line":418,"column":4},"end":{"line":420,"column":5}},{"start":{},"end":{}}],"line":418},"47":{"loc":{"start":{"line":439,"column":4},"end":{"line":439,"column":87}},"type":"if","locations":[{"start":{"line":439,"column":4},"end":{"line":439,"column":87}},{"start":{},"end":{}}],"line":439},"48":{"loc":{"start":{"line":440,"column":4},"end":{"line":440,"column":87}},"type":"if","locations":[{"start":{"line":440,"column":4},"end":{"line":440,"column":87}},{"start":{},"end":{}}],"line":440}},"s":{"0":0,"1":0,"2":0,"3":0,"4":0,"5":0,"6":0,"7":0,"8":0,"9":0,"10":0,"11":0,"12":0,"13":0,"14":0,"15":0,"16":0,"17":0,"18":0,"19":0,"20":0,"21":0,"22":0,"23":0,"24":0,"25":0,"26":0,"27":0,"28":0,"29":0,"30":0,"31":0,"32":0,"33":0,"34":0,"35":0,"36":0,"37":0,"38":0,"39":0,"40":0,"41":0,"42":0,"43":0,"44":0,"45":0,"46":0,"47":0,"48":0,"49":0,"50":0,"51":0,"52":0,"53":0,"54":0,"55":0,"56":0,"57":0,"58":0,"59":0,"60":0,"61":0,"62":0,"63":0,"64":0,"65":0,"66":0,"67":0,"68":0,"69":0,"70":0,"71":0,"72":0,"73":0,"74":0,"75":0,"76":0,"77":0,"78":0,"79":0,"80":0,"81":0,"82":0,"83":0,"84":0,"85":0,"86":0,"87":0,"88":0,"89":0,"90":0,"91":0,"92":0,"93":0,"94":0,"95":0,"96":0,"97":0,"98":0,"99":0,"100":0,"101":0,"102":0,"103":0,"104":0,"105":0,"106":0,"107":0,"108":0,"109":0,"110":0,"111":0,"112":0,"113":0,"114":0,"115":0,"116":0,"117":0,"118":0,"119":0,"120":0,"121":0,"122":0,"123":0,"124":0,"125":0,"126":0,"127":0,"128":0,"129":0,"130":0,"131":0,"132":0,"133":0,"134":0,"135":0,"136":0,"137":0,"138":0,"139":0,"140":0,"141":0,"142":0,"143":0,"144":0,"145":0,"146":0,"147":0,"148":0,"149":0,"150":0,"151":0,"152":0,"153":0,"154":0,"155":0,"156":0,"157":0,"158":0,"159":0,"160":0,"161":0,"162":0,"163":0,"164":0,"165":0,"166":0,"167":0,"168":0,"169":0,"170":0,"171":0,"172":0,"173":0,"174":0,"175":0,"176":0,"177":0},"f":{"0":0,"1":0,"2":0,"3":0,"4":0,"5":0,"6":0,"7":0,"8":0,"9":0,"10":0,"11":0,"12":0,"13":0,"14":0,"15":0,"16":0,"17":0,"18":0,"19":0},"b":{"0":[0,0],"1":[0,0],"2":[0,0],"3":[0,0],"4":[0,0],"5":[0,0],"6":[0,0],"7":[0,0],"8":[0,0],"9":[0,0],"10":[0,0],"11":[0,0],"12":[0,0],"13":[0,0],"14":[0,0],"15":[0,0],"16":[0,0],"17":[0,0],"18":[0,0],"19":[0,0],"20":[0,0],"21":[0,0],"22":[0,0],"23":[0,0],"24":[0,0],"25":[0,0],"26":[0,0],"27":[0,0,0],"28":[0,0],"29":[0,0],"30":[0,0],"31":[0,0],"32":[0,0],"33":[0,0],"34":[0,0],"35":[0,0],"36":[0,0],"37":[0,0],"38":[0,0],"39":[0,0],"40":[0,0],"41":[0,0],"42":[0,0],"43":[0,0],"44":[0,0],"45":[0,0],"46":[0,0],"47":[0,0],"48":[0,0]}}
,"/home/arthur/Desktop/College/WhereIsIt/backend/src/services/authService.js": {"path":"/home/arthur/Desktop/College/WhereIsIt/backend/src/services/authService.js","statementMap":{"0":{"start":{"line":7,"column":15},"end":{"line":7,"column":34}},"1":{"start":{"line":8,"column":12},"end":{"line":8,"column":35}},"2":{"start":{"line":9,"column":16},"end":{"line":9,"column":40}},"3":{"start":{"line":10,"column":15},"end":{"line":10,"column":38}},"4":{"start":{"line":11,"column":23},"end":{"line":11,"column":46}},"5":{"start":{"line":25,"column":4},"end":{"line":25,"column":32}},"6":{"start":{"line":40,"column":23},"end":{"line":40,"column":25}},"7":{"start":{"line":41,"column":17},"end":{"line":41,"column":56}},"8":{"start":{"line":43,"column":21},"end":{"line":48,"column":5}},"9":{"start":{"line":49,"column":4},"end":{"line":49,"column":35}},"10":{"start":{"line":60,"column":19},"end":{"line":63,"column":5}},"11":{"start":{"line":64,"column":17},"end":{"line":64,"column":24}},"12":{"start":{"line":65,"column":4},"end":{"line":65,"column":27}},"13":{"start":{"line":65,"column":15},"end":{"line":65,"column":27}},"14":{"start":{"line":67,"column":15},"end":{"line":67,"column":65}},"15":{"start":{"line":68,"column":4},"end":{"line":68,"column":28}},"16":{"start":{"line":80,"column":22},"end":{"line":80,"column":88}},"17":{"start":{"line":81,"column":4},"end":{"line":90,"column":6}},"18":{"start":{"line":100,"column":19},"end":{"line":103,"column":5}},"19":{"start":{"line":104,"column":18},"end":{"line":104,"column":32}},"20":{"start":{"line":105,"column":4},"end":{"line":105,"column":50}},"21":{"start":{"line":105,"column":16},"end":{"line":105,"column":50}},"22":{"start":{"line":107,"column":19},"end":{"line":107,"column":44}},"23":{"start":{"line":108,"column":23},"end":{"line":108,"column":60}},"24":{"start":{"line":110,"column":4},"end":{"line":113,"column":6}},"25":{"start":{"line":114,"column":4},"end":{"line":114,"column":34}},"26":{"start":{"line":125,"column":19},"end":{"line":128,"column":5}},"27":{"start":{"line":129,"column":19},"end":{"line":129,"column":38}},"28":{"start":{"line":130,"column":4},"end":{"line":130,"column":30}},"29":{"start":{"line":130,"column":17},"end":{"line":130,"column":30}},"30":{"start":{"line":132,"column":15},"end":{"line":132,"column":50}},"31":{"start":{"line":133,"column":4},"end":{"line":138,"column":5}},"32":{"start":{"line":134,"column":6},"end":{"line":137,"column":8}},"33":{"start":{"line":139,"column":4},"end":{"line":139,"column":14}},"34":{"start":{"line":149,"column":19},"end":{"line":152,"column":5}},"35":{"start":{"line":153,"column":4},"end":{"line":153,"column":38}},"36":{"start":{"line":164,"column":19},"end":{"line":167,"column":5}},"37":{"start":{"line":168,"column":4},"end":{"line":168,"column":59}},"38":{"start":{"line":168,"column":47},"end":{"line":168,"column":59}},"39":{"start":{"line":170,"column":19},"end":{"line":170,"column":37}},"40":{"start":{"line":171,"column":4},"end":{"line":171,"column":47}},"41":{"start":{"line":182,"column":19},"end":{"line":185,"column":5}},"42":{"start":{"line":186,"column":4},"end":{"line":186,"column":27}},"43":{"start":{"line":190,"column":0},"end":{"line":190,"column":33}}},"fnMap":{"0":{"name":"(anonymous_0)","decl":{"start":{"line":24,"column":2},"end":{"line":24,"column":3}},"loc":{"start":{"line":24,"column":16},"end":{"line":26,"column":3}},"line":24},"1":{"name":"(anonymous_1)","decl":{"start":{"line":39,"column":2},"end":{"line":39,"column":3}},"loc":{"start":{"line":39,"column":61},"end":{"line":50,"column":3}},"line":39},"2":{"name":"(anonymous_2)","decl":{"start":{"line":59,"column":2},"end":{"line":59,"column":3}},"loc":{"start":{"line":59,"column":42},"end":{"line":69,"column":3}},"line":59},"3":{"name":"(anonymous_3)","decl":{"start":{"line":78,"column":2},"end":{"line":78,"column":3}},"loc":{"start":{"line":78,"column":17},"end":{"line":91,"column":3}},"line":78},"4":{"name":"(anonymous_4)","decl":{"start":{"line":99,"column":2},"end":{"line":99,"column":3}},"loc":{"start":{"line":99,"column":30},"end":{"line":115,"column":3}},"line":99},"5":{"name":"(anonymous_5)","decl":{"start":{"line":124,"column":2},"end":{"line":124,"column":3}},"loc":{"start":{"line":124,"column":34},"end":{"line":140,"column":3}},"line":124},"6":{"name":"(anonymous_6)","decl":{"start":{"line":148,"column":2},"end":{"line":148,"column":3}},"loc":{"start":{"line":148,"column":28},"end":{"line":154,"column":3}},"line":148},"7":{"name":"(anonymous_7)","decl":{"start":{"line":163,"column":2},"end":{"line":163,"column":3}},"loc":{"start":{"line":163,"column":41},"end":{"line":172,"column":3}},"line":163},"8":{"name":"(anonymous_8)","decl":{"start":{"line":181,"column":2},"end":{"line":181,"column":3}},"loc":{"start":{"line":181,"column":28},"end":{"line":187,"column":3}},"line":181}},"branchMap":{"0":{"loc":{"start":{"line":65,"column":4},"end":{"line":65,"column":27}},"type":"if","locations":[{"start":{"line":65,"column":4},"end":{"line":65,"column":27}},{"start":{},"end":{}}],"line":65},"1":{"loc":{"start":{"line":68,"column":11},"end":{"line":68,"column":27}},"type":"cond-expr","locations":[{"start":{"line":68,"column":16},"end":{"line":68,"column":20}},{"start":{"line":68,"column":23},"end":{"line":68,"column":27}}],"line":68},"2":{"loc":{"start":{"line":80,"column":22},"end":{"line":80,"column":88}},"type":"cond-expr","locations":[{"start":{"line":80,"column":46},"end":{"line":80,"column":68}},{"start":{"line":80,"column":71},"end":{"line":80,"column":88}}],"line":80},"3":{"loc":{"start":{"line":105,"column":4},"end":{"line":105,"column":50}},"type":"if","locations":[{"start":{"line":105,"column":4},"end":{"line":105,"column":50}},{"start":{},"end":{}}],"line":105},"4":{"loc":{"start":{"line":130,"column":4},"end":{"line":130,"column":30}},"type":"if","locations":[{"start":{"line":130,"column":4},"end":{"line":130,"column":30}},{"start":{},"end":{}}],"line":130},"5":{"loc":{"start":{"line":133,"column":4},"end":{"line":138,"column":5}},"type":"if","locations":[{"start":{"line":133,"column":4},"end":{"line":138,"column":5}},{"start":{},"end":{}}],"line":133},"6":{"loc":{"start":{"line":168,"column":4},"end":{"line":168,"column":59}},"type":"if","locations":[{"start":{"line":168,"column":4},"end":{"line":168,"column":59}},{"start":{},"end":{}}],"line":168},"7":{"loc":{"start":{"line":168,"column":8},"end":{"line":168,"column":45}},"type":"binary-expr","locations":[{"start":{"line":168,"column":8},"end":{"line":168,"column":16}},{"start":{"line":168,"column":20},"end":{"line":168,"column":45}}],"line":168},"8":{"loc":{"start":{"line":186,"column":11},"end":{"line":186,"column":26}},"type":"binary-expr","locations":[{"start":{"line":186,"column":11},"end":{"line":186,"column":18}},{"start":{"line":186,"column":22},"end":{"line":186,"column":26}}],"line":186}},"s":{"0":1,"1":1,"2":1,"3":1,"4":1,"5":1,"6":0,"7":0,"8":0,"9":0,"10":0,"11":0,"12":0,"13":0,"14":0,"15":0,"16":8,"17":8,"18":0,"19":0,"20":0,"21":0,"22":0,"23":0,"24":0,"25":0,"26":0,"27":0,"28":0,"29":0,"30":0,"31":0,"32":0,"33":0,"34":0,"35":0,"36":0,"37":0,"38":0,"39":0,"40":0,"41":0,"42":0,"43":1},"f":{"0":1,"1":0,"2":0,"3":8,"4":0,"5":0,"6":0,"7":0,"8":0},"b":{"0":[0,0],"1":[0,0],"2":[1,7],"3":[0,0],"4":[0,0],"5":[0,0],"6":[0,0],"7":[0,0],"8":[0,0]},"_coverageSchema":"1a1c01bbd47fc00a2c39e90264f33305004495a9","hash":"c193f5a865ff186a1952da447db11437672dbcf9"}
,"/home/arthur/Desktop/College/WhereIsIt/backend/src/services/encryptionService.js": {"path":"/home/arthur/Desktop/College/WhereIsIt/backend/src/services/encryptionService.js","statementMap":{"0":{"start":{"line":15,"column":15},"end":{"line":15,"column":32}},"1":{"start":{"line":35,"column":26},"end":{"line":35,"column":101}},"2":{"start":{"line":38,"column":4},"end":{"line":38,"column":60}},"3":{"start":{"line":41,"column":4},"end":{"line":41,"column":35}},"4":{"start":{"line":52,"column":4},"end":{"line":79,"column":5}},"5":{"start":{"line":54,"column":17},"end":{"line":54,"column":39}},"6":{"start":{"line":57,"column":21},"end":{"line":57,"column":72}},"7":{"start":{"line":60,"column":22},"end":{"line":60,"column":61}},"8":{"start":{"line":61,"column":6},"end":{"line":61,"column":39}},"9":{"start":{"line":64,"column":22},"end":{"line":64,"column":41}},"10":{"start":{"line":68,"column":23},"end":{"line":72,"column":8}},"11":{"start":{"line":75,"column":6},"end":{"line":75,"column":41}},"12":{"start":{"line":77,"column":6},"end":{"line":77,"column":48}},"13":{"start":{"line":78,"column":6},"end":{"line":78,"column":48}},"14":{"start":{"line":90,"column":4},"end":{"line":119,"column":5}},"15":{"start":{"line":92,"column":23},"end":{"line":92,"column":59}},"16":{"start":{"line":95,"column":17},"end":{"line":95,"column":38}},"17":{"start":{"line":98,"column":22},"end":{"line":98,"column":44}},"18":{"start":{"line":101,"column":24},"end":{"line":101,"column":42}},"19":{"start":{"line":104,"column":23},"end":{"line":104,"column":76}},"20":{"start":{"line":107,"column":6},"end":{"line":107,"column":35}},"21":{"start":{"line":110,"column":22},"end":{"line":110,"column":62}},"22":{"start":{"line":111,"column":6},"end":{"line":111,"column":42}},"23":{"start":{"line":113,"column":6},"end":{"line":113,"column":23}},"24":{"start":{"line":115,"column":6},"end":{"line":115,"column":48}},"25":{"start":{"line":118,"column":6},"end":{"line":118,"column":35}},"26":{"start":{"line":128,"column":4},"end":{"line":136,"column":5}},"27":{"start":{"line":129,"column":25},"end":{"line":129,"column":42}},"28":{"start":{"line":130,"column":24},"end":{"line":130,"column":48}},"29":{"start":{"line":131,"column":24},"end":{"line":131,"column":47}},"30":{"start":{"line":133,"column":6},"end":{"line":133,"column":38}},"31":{"start":{"line":135,"column":6},"end":{"line":135,"column":19}},"32":{"start":{"line":140,"column":0},"end":{"line":140,"column":39}}},"fnMap":{"0":{"name":"(anonymous_0)","decl":{"start":{"line":32,"column":2},"end":{"line":32,"column":3}},"loc":{"start":{"line":32,"column":16},"end":{"line":42,"column":3}},"line":32},"1":{"name":"(anonymous_1)","decl":{"start":{"line":51,"column":2},"end":{"line":51,"column":3}},"loc":{"start":{"line":51,"column":21},"end":{"line":80,"column":3}},"line":51},"2":{"name":"(anonymous_2)","decl":{"start":{"line":89,"column":2},"end":{"line":89,"column":3}},"loc":{"start":{"line":89,"column":25},"end":{"line":120,"column":3}},"line":89},"3":{"name":"(anonymous_3)","decl":{"start":{"line":127,"column":2},"end":{"line":127,"column":3}},"loc":{"start":{"line":127,"column":9},"end":{"line":137,"column":3}},"line":127}},"branchMap":{"0":{"loc":{"start":{"line":35,"column":26},"end":{"line":35,"column":101}},"type":"binary-expr","locations":[{"start":{"line":35,"column":26},"end":{"line":35,"column":52}},{"start":{"line":35,"column":56},"end":{"line":35,"column":101}}],"line":35}},"s":{"0":1,"1":7,"2":7,"3":7,"4":9,"5":9,"6":9,"7":9,"8":9,"9":9,"10":9,"11":9,"12":0,"13":0,"14":6,"15":6,"16":6,"17":6,"18":6,"19":6,"20":6,"21":6,"22":6,"23":5,"24":1,"25":1,"26":0,"27":0,"28":0,"29":0,"30":0,"31":0,"32":1},"f":{"0":7,"1":9,"2":6,"3":0},"b":{"0":[7,7]},"_coverageSchema":"1a1c01bbd47fc00a2c39e90264f33305004495a9","hash":"74205d9cb9dc3597045e2e15c79e57238d4a9031"}
,"/home/arthur/Desktop/College/WhereIsIt/backend/src/services/mfaService.js": {"path":"/home/arthur/Desktop/College/WhereIsIt/backend/src/services/mfaService.js","statementMap":{"0":{"start":{"line":7,"column":26},"end":{"line":7,"column":43}},"1":{"start":{"line":14,"column":4},"end":{"line":14,"column":42}},"2":{"start":{"line":23,"column":4},"end":{"line":23,"column":60}},"3":{"start":{"line":32,"column":4},"end":{"line":32,"column":46}},"4":{"start":{"line":36,"column":0},"end":{"line":36,"column":32}}},"fnMap":{"0":{"name":"(anonymous_0)","decl":{"start":{"line":13,"column":2},"end":{"line":13,"column":3}},"loc":{"start":{"line":13,"column":19},"end":{"line":15,"column":3}},"line":13},"1":{"name":"(anonymous_1)","decl":{"start":{"line":22,"column":2},"end":{"line":22,"column":3}},"loc":{"start":{"line":22,"column":31},"end":{"line":24,"column":3}},"line":22},"2":{"name":"(anonymous_2)","decl":{"start":{"line":31,"column":2},"end":{"line":31,"column":3}},"loc":{"start":{"line":31,"column":29},"end":{"line":33,"column":3}},"line":31}},"branchMap":{},"s":{"0":2,"1":7,"2":1,"3":3,"4":2},"f":{"0":7,"1":1,"2":3},"b":{},"_coverageSchema":"1a1c01bbd47fc00a2c39e90264f33305004495a9","hash":"b7ca7bb3cb4169a974c84bce2bfeaa143e7dde12"}
}
