TN:
SF:src/controllers/receiptController.js
FN:29,calculateWarrantyExpiry
FN:37,getWarrantyStatus
FN:51,getFileType
FN:60,insertReceiptItems
FN:72,getReceiptItems
FN:78,(anonymous_5)
FN:95,checkStorageLimit
FN:116,uploadReceipt
FN:126,(anonymous_8)
FN:138,(anonymous_9)
FN:143,(anonymous_10)
FN:201,(anonymous_11)
FN:215,createManualReceipt
FN:275,listReceipts
FN:287,(anonymous_14)
FN:330,getReceiptById
FN:371,updateReceipt
FN:407,deleteReceipt
FN:418,(anonymous_18)
FN:432,getReceiptFile
FNF:20
FNH:0
FNDA:0,calculateWarrantyExpiry
FNDA:0,getWarrantyStatus
FNDA:0,getFileType
FNDA:0,insertReceiptItems
FNDA:0,getReceiptItems
FNDA:0,(anonymous_5)
FNDA:0,checkStorageLimit
FNDA:0,uploadReceipt
FNDA:0,(anonymous_8)
FNDA:0,(anonymous_9)
FNDA:0,(anonymous_10)
FNDA:0,(anonymous_11)
FNDA:0,createManualReceipt
FNDA:0,listReceipts
FNDA:0,(anonymous_14)
FNDA:0,getReceiptById
FNDA:0,updateReceipt
FNDA:0,deleteReceipt
FNDA:0,(anonymous_18)
FNDA:0,getReceiptFile
DA:13,0
DA:14,0
DA:15,0
DA:16,0
DA:17,0
DA:19,0
DA:20,0
DA:22,0
DA:30,0
DA:31,0
DA:32,0
DA:33,0
DA:38,0
DA:39,0
DA:40,0
DA:41,0
DA:42,0
DA:43,0
DA:44,0
DA:52,0
DA:53,0
DA:54,0
DA:55,0
DA:56,0
DA:61,0
DA:62,0
DA:63,0
DA:73,0
DA:78,0
DA:79,0
DA:80,0
DA:87,0
DA:96,0
DA:97,0
DA:100,0
DA:101,0
DA:117,0
DA:118,0
DA:120,0
DA:121,0
DA:122,0
DA:124,0
DA:125,0
DA:126,0
DA:127,0
DA:130,0
DA:136,0
DA:137,0
DA:138,0
DA:139,0
DA:142,0
DA:143,0
DA:144,0
DA:149,0
DA:150,0
DA:151,0
DA:152,0
DA:153,0
DA:154,0
DA:156,0
DA:164,0
DA:165,0
DA:168,0
DA:170,0
DA:171,0
DA:176,0
DA:178,0
DA:201,0
DA:202,0
DA:216,0
DA:217,0
DA:218,0
DA:219,0
DA:221,0
DA:222,0
DA:223,0
DA:226,0
DA:232,0
DA:233,0
DA:234,0
DA:237,0
DA:238,0
DA:239,0
DA:241,0
DA:249,0
DA:250,0
DA:252,0
DA:253,0
DA:257,0
DA:259,0
DA:261,0
DA:276,0
DA:277,0
DA:278,0
DA:280,0
DA:287,0
DA:288,0
DA:289,0
DA:290,0
DA:291,0
DA:292,0
DA:293,0
DA:295,0
DA:311,0
DA:314,0
DA:316,0
DA:320,0
DA:322,0
DA:331,0
DA:332,0
DA:333,0
DA:339,0
DA:341,0
DA:342,0
DA:343,0
DA:344,0
DA:345,0
DA:346,0
DA:348,0
DA:367,0
DA:372,0
DA:373,0
DA:374,0
DA:376,0
DA:379,0
DA:381,0
DA:382,0
DA:384,0
DA:391,0
DA:392,0
DA:393,0
DA:396,0
DA:397,0
DA:401,0
DA:403,0
DA:408,0
DA:409,0
DA:410,0
DA:413,0
DA:415,0
DA:417,0
DA:418,0
DA:421,0
DA:422,0
DA:426,0
DA:428,0
DA:433,0
DA:434,0
DA:435,0
DA:438,0
DA:439,0
DA:441,0
DA:442,0
DA:444,0
DA:446,0
DA:450,0
LF:156
LH:0
BRDA:41,0,0,0
BRDA:41,0,1,0
BRDA:43,1,0,0
BRDA:43,1,1,0
BRDA:52,2,0,0
BRDA:52,2,1,0
BRDA:54,3,0,0
BRDA:54,3,1,0
BRDA:55,4,0,0
BRDA:55,4,1,0
BRDA:66,5,0,0
BRDA:66,5,1,0
BRDA:66,6,0,0
BRDA:66,6,1,0
BRDA:96,7,0,0
BRDA:96,7,1,0
BRDA:118,8,0,0
BRDA:118,8,1,0
BRDA:125,9,0,0
BRDA:125,9,1,0
BRDA:127,10,0,0
BRDA:127,10,1,0
BRDA:137,11,0,0
BRDA:137,11,1,0
BRDA:142,12,0,0
BRDA:142,12,1,0
BRDA:152,13,0,0
BRDA:152,13,1,0
BRDA:152,14,0,0
BRDA:152,14,1,0
BRDA:168,15,0,0
BRDA:168,15,1,0
BRDA:174,16,0,0
BRDA:174,16,1,0
BRDA:181,17,0,0
BRDA:181,17,1,0
BRDA:193,18,0,0
BRDA:193,18,1,0
BRDA:195,19,0,0
BRDA:195,19,1,0
BRDA:196,20,0,0
BRDA:196,20,1,0
BRDA:201,21,0,0
BRDA:201,21,1,0
BRDA:222,22,0,0
BRDA:222,22,1,0
BRDA:223,23,0,0
BRDA:223,23,1,0
BRDA:232,24,0,0
BRDA:232,24,1,0
BRDA:232,25,0,0
BRDA:232,25,1,0
BRDA:233,26,0,0
BRDA:233,26,1,0
BRDA:233,27,0,0
BRDA:233,27,1,0
BRDA:233,27,2,0
BRDA:238,28,0,0
BRDA:238,28,1,0
BRDA:239,29,0,0
BRDA:239,29,1,0
BRDA:245,30,0,0
BRDA:245,30,1,0
BRDA:246,31,0,0
BRDA:246,31,1,0
BRDA:291,32,0,0
BRDA:291,32,1,0
BRDA:293,33,0,0
BRDA:293,33,1,0
BRDA:307,34,0,0
BRDA:307,34,1,0
BRDA:316,35,0,0
BRDA:316,35,1,0
BRDA:339,36,0,0
BRDA:339,36,1,0
BRDA:344,37,0,0
BRDA:344,37,1,0
BRDA:346,38,0,0
BRDA:346,38,1,0
BRDA:379,39,0,0
BRDA:379,39,1,0
BRDA:381,40,0,0
BRDA:381,40,1,0
BRDA:382,41,0,0
BRDA:382,41,1,0
BRDA:387,42,0,0
BRDA:387,42,1,0
BRDA:388,43,0,0
BRDA:388,43,1,0
BRDA:391,44,0,0
BRDA:391,44,1,0
BRDA:413,45,0,0
BRDA:413,45,1,0
BRDA:417,46,0,0
BRDA:417,46,1,0
BRDA:438,47,0,0
BRDA:438,47,1,0
BRDA:439,48,0,0
BRDA:439,48,1,0
BRF:99
BRH:0
end_of_record
TN:
SF:src/services/authService.js
FN:24,(anonymous_0)
FN:39,(anonymous_1)
FN:59,(anonymous_2)
FN:78,(anonymous_3)
FN:99,(anonymous_4)
FN:124,(anonymous_5)
FN:148,(anonymous_6)
FN:163,(anonymous_7)
FN:181,(anonymous_8)
FNF:9
FNH:2
FNDA:1,(anonymous_0)
FNDA:0,(anonymous_1)
FNDA:0,(anonymous_2)
FNDA:8,(anonymous_3)
FNDA:0,(anonymous_4)
FNDA:0,(anonymous_5)
FNDA:0,(anonymous_6)
FNDA:0,(anonymous_7)
FNDA:0,(anonymous_8)
DA:7,1
DA:8,1
DA:9,1
DA:10,1
DA:11,1
DA:25,1
DA:40,0
DA:41,0
DA:43,0
DA:49,0
DA:60,0
DA:64,0
DA:65,0
DA:67,0
DA:68,0
DA:80,8
DA:81,8
DA:100,0
DA:104,0
DA:105,0
DA:107,0
DA:108,0
DA:110,0
DA:114,0
DA:125,0
DA:129,0
DA:130,0
DA:132,0
DA:133,0
DA:134,0
DA:139,0
DA:149,0
DA:153,0
DA:164,0
DA:168,0
DA:170,0
DA:171,0
DA:182,0
DA:186,0
DA:190,1
LF:40
LH:9
BRDA:65,0,0,0
BRDA:65,0,1,0
BRDA:68,1,0,0
BRDA:68,1,1,0
BRDA:80,2,0,1
BRDA:80,2,1,7
BRDA:105,3,0,0
BRDA:105,3,1,0
BRDA:130,4,0,0
BRDA:130,4,1,0
BRDA:133,5,0,0
BRDA:133,5,1,0
BRDA:168,6,0,0
BRDA:168,6,1,0
BRDA:168,7,0,0
BRDA:168,7,1,0
BRDA:186,8,0,0
BRDA:186,8,1,0
BRF:18
BRH:2
end_of_record
TN:
SF:src/services/encryptionService.js
FN:32,(anonymous_0)
FN:51,(anonymous_1)
FN:89,(anonymous_2)
FN:127,(anonymous_3)
FNF:4
FNH:3
FNDA:7,(anonymous_0)
FNDA:9,(anonymous_1)
FNDA:6,(anonymous_2)
FNDA:0,(anonymous_3)
DA:15,1
DA:35,7
DA:38,7
DA:41,7
DA:52,9
DA:54,9
DA:57,9
DA:60,9
DA:61,9
DA:64,9
DA:68,9
DA:75,9
DA:77,0
DA:78,0
DA:90,6
DA:92,6
DA:95,6
DA:98,6
DA:101,6
DA:104,6
DA:107,6
DA:110,6
DA:111,6
DA:113,5
DA:115,1
DA:118,1
DA:128,0
DA:129,0
DA:130,0
DA:131,0
DA:133,0
DA:135,0
DA:140,1
LF:33
LH:25
BRDA:35,0,0,7
BRDA:35,0,1,7
BRF:2
BRH:2
end_of_record
TN:
SF:src/services/mfaService.js
FN:13,(anonymous_0)
FN:22,(anonymous_1)
FN:31,(anonymous_2)
FNF:3
FNH:3
FNDA:7,(anonymous_0)
FNDA:1,(anonymous_1)
FNDA:3,(anonymous_2)
DA:7,2
DA:14,7
DA:23,1
DA:32,3
DA:36,2
LF:5
LH:5
BRF:0
BRH:0
end_of_record
